Logfile initialized
[INFO] logfile = /development/TabbedQRExample/build.log
[DEBUG] /Library/Application Support/Titanium/mobilesdk/osx/1.8.2/android/builder.py simulator TabbedQRExample /android-sdk-macosx /development/TabbedQRExample com.acktie.qr.example 6 HVGA 
[INFO] Building TabbedQRExample for Android ... one moment
[INFO] Titanium SDK version: 1.8.2 (02/23/12 17:46 59b3a90)
[DEBUG] Waiting for device to be ready ...
[TRACE] adb devices returned 1 devices/emulators
[DEBUG] Device connected... (waited 0 seconds)
[DEBUG] waited 0.032478 seconds on emulator to get ready
[DEBUG] com.acktie.qr.example installed? True
[INFO] Fastdev server running, deploying in Fastdev mode
[INFO] Copying project resources..
[TRACE] COPYING MODIFIED FILE: /development/TabbedQRExample/Resources/app.js => /development/TabbedQRExample/build/android/bin/assets/Resources/app.js
[INFO] Tiapp.xml unchanged, skipping class generation
[DEBUG] Processing Android resource drawables
[DEBUG] found drawable-long-land-hdpi splash screen at /development/TabbedQRExample/Resources/android/images/res-long-land-hdpi/default.png
[DEBUG] found drawable-long-land-ldpi splash screen at /development/TabbedQRExample/Resources/android/images/res-long-land-ldpi/default.png
[DEBUG] found drawable-long-port-hdpi splash screen at /development/TabbedQRExample/Resources/android/images/res-long-port-hdpi/default.png
[DEBUG] found drawable-long-port-ldpi splash screen at /development/TabbedQRExample/Resources/android/images/res-long-port-ldpi/default.png
[DEBUG] found drawable-notlong-land-hdpi splash screen at /development/TabbedQRExample/Resources/android/images/res-notlong-land-hdpi/default.png
[DEBUG] found drawable-notlong-land-ldpi splash screen at /development/TabbedQRExample/Resources/android/images/res-notlong-land-ldpi/default.png
[DEBUG] found drawable-notlong-land-mdpi splash screen at /development/TabbedQRExample/Resources/android/images/res-notlong-land-mdpi/default.png
[DEBUG] found drawable-notlong-port-hdpi splash screen at /development/TabbedQRExample/Resources/android/images/res-notlong-port-hdpi/default.png
[DEBUG] found drawable-notlong-port-ldpi splash screen at /development/TabbedQRExample/Resources/android/images/res-notlong-port-ldpi/default.png
[DEBUG] found drawable-notlong-port-mdpi splash screen at /development/TabbedQRExample/Resources/android/images/res-notlong-port-mdpi/default.png
[TRACE] Writing out AndroidManifest.xml
[DEBUG] adding /development/TabbedQRExample/build/android/gen/com/acktie/qr/example/R.java to javac build list
[DEBUG] Building Java Sources: "/development/TabbedQRExample/build/android/gen/com/acktie/qr/example/R.java"
[INFO] Waiting for SDCard to become available..
[INFO] Compiling Android Resources... This could take some time
[DEBUG] Android classes.dex built
[DEBUG] creating unsigned apk: /development/TabbedQRExample/build/android/bin/app-unsigned.apk
[DEBUG] from resource zip => assets/Resources/modules/com.acktie.mobile.android.qr/exampleBranding.png
[DEBUG] from resource zip => assets/Resources/modules/com.acktie.mobile.ios.qr/exampleBranding.png
[DEBUG] from resource zip => assets/Resources/KS_nav_ui.png
[DEBUG] from resource zip => assets/Resources/KS_nav_views.png
[DEBUG] from resource zip => assets/Resources/app.js
[DEBUG] from resource zip => assets/Resources/appicon.png
[DEBUG] from resource zip => assets/Resources/default.png
[DEBUG] from resource zip => assets/app.json
[DEBUG] from resource zip => assets/index.json
[DEBUG] from resource zip => assets/tiapp.xml
[DEBUG] from resource zip => res/drawable/appicon.png
[DEBUG] from resource zip => res/drawable/background.png
[DEBUG] from resource zip => res/drawable/close.png
[DEBUG] from resource zip => res/drawable/facebook_login.png
[DEBUG] from resource zip => res/drawable/facebook_login_down.png
[DEBUG] from resource zip => res/drawable/facebook_login_wide.png
[DEBUG] from resource zip => res/drawable/facebook_login_wide_down.png
[DEBUG] from resource zip => res/drawable/facebook_logout.png
[DEBUG] from resource zip => res/drawable/facebook_logout_down.png
[DEBUG] from resource zip => res/layout/titanium_tabgroup.xml
[DEBUG] from resource zip => AndroidManifest.xml
[DEBUG] from resource zip => resources.arsc
[DEBUG] from resource zip => res/drawable-hdpi/close.png
[DEBUG] from resource zip => res/drawable-ldpi/close.png
[DEBUG] from resource zip => res/drawable-long-land-hdpi/background.png
[DEBUG] from resource zip => res/drawable-long-land-hdpi/default_d44e27d97b.png
[DEBUG] from resource zip => res/drawable-long-land-ldpi/background.png
[DEBUG] from resource zip => res/drawable-long-land-ldpi/default_d44e27d97b.png
[DEBUG] from resource zip => res/drawable-long-port-hdpi/background.png
[DEBUG] from resource zip => res/drawable-long-port-hdpi/default_d44e27d97b.png
[DEBUG] from resource zip => res/drawable-long-port-ldpi/background.png
[DEBUG] from resource zip => res/drawable-long-port-ldpi/default_d44e27d97b.png
[DEBUG] from resource zip => res/drawable-notlong-land-hdpi/background.png
[DEBUG] from resource zip => res/drawable-notlong-land-hdpi/default_d44e27d97b.png
[DEBUG] from resource zip => res/drawable-notlong-land-ldpi/background.png
[DEBUG] from resource zip => res/drawable-notlong-land-ldpi/default_d44e27d97b.png
[DEBUG] from resource zip => res/drawable-notlong-land-mdpi/background.png
[DEBUG] from resource zip => res/drawable-notlong-land-mdpi/default_d44e27d97b.png
[DEBUG] from resource zip => res/drawable-notlong-port-hdpi/background.png
[DEBUG] from resource zip => res/drawable-notlong-port-hdpi/default_d44e27d97b.png
[DEBUG] from resource zip => res/drawable-notlong-port-ldpi/background.png
[DEBUG] from resource zip => res/drawable-notlong-port-ldpi/default_d44e27d97b.png
[DEBUG] from resource zip => res/drawable-notlong-port-mdpi/background.png
[DEBUG] from resource zip => res/drawable-notlong-port-mdpi/default_d44e27d97b.png
[DEBUG] from JAR /Library/Application Support/Titanium/modules/android/com.acktie.mobile.android.qr/1.0/acktiemobileandroidqr.jar => assets/Center-Blue.png
[DEBUG] from JAR /Library/Application Support/Titanium/modules/android/com.acktie.mobile.android.qr/1.0/acktiemobileandroidqr.jar => assets/Center-Purple.png
[DEBUG] from JAR /Library/Application Support/Titanium/modules/android/com.acktie.mobile.android.qr/1.0/acktiemobileandroidqr.jar => assets/Center-Red.png
[DEBUG] from JAR /Library/Application Support/Titanium/modules/android/com.acktie.mobile.android.qr/1.0/acktiemobileandroidqr.jar => assets/Center-Yellow.png
[DEBUG] from JAR /Library/Application Support/Titanium/modules/android/com.acktie.mobile.android.qr/1.0/acktiemobileandroidqr.jar => assets/FullScreen-Blue.png
[DEBUG] from JAR /Library/Application Support/Titanium/modules/android/com.acktie.mobile.android.qr/1.0/acktiemobileandroidqr.jar => assets/FullScreen-Purple.png
[DEBUG] from JAR /Library/Application Support/Titanium/modules/android/com.acktie.mobile.android.qr/1.0/acktiemobileandroidqr.jar => assets/FullScreen-Red.png
[DEBUG] from JAR /Library/Application Support/Titanium/modules/android/com.acktie.mobile.android.qr/1.0/acktiemobileandroidqr.jar => assets/FullScreen-Yellow.png
[DEBUG] from JAR /Library/Application Support/Titanium/mobilesdk/osx/1.8.2/android/thirdparty.jar => org/apache/Commons-NOTICE.txt
[DEBUG] from JAR /Library/Application Support/Titanium/mobilesdk/osx/1.8.2/android/thirdparty.jar => org/apache/HttpComponents-NOTICE.txt
[DEBUG] from JAR /Library/Application Support/Titanium/mobilesdk/osx/1.8.2/android/thirdparty.jar => org/apache/mime4j-NOTICE.txt
[DEBUG] from JAR /Library/Application Support/Titanium/mobilesdk/osx/1.8.2/android/modules/titanium-facebook.jar => ti/modules/titanium/facebook/LICENSE
[DEBUG] from JAR /Library/Application Support/Titanium/mobilesdk/osx/1.8.2/android/modules/titanium-ui.jar => ti/modules/titanium/ui/widget/webview/binding.js
[DEBUG] from JAR /Library/Application Support/Titanium/mobilesdk/osx/1.8.2/android/modules/titanium-ui.jar => ti/modules/titanium/ui/widget/webview/binding.min.js
[DEBUG] from JAR /Library/Application Support/Titanium/mobilesdk/osx/1.8.2/android/modules/titanium-ui.jar => ti/modules/titanium/ui/widget/webview/json2.js
[DEBUG] from JAR /Library/Application Support/Titanium/mobilesdk/osx/1.8.2/android/titanium.jar => org/appcelerator/titanium/build.properties
[DEBUG] from JAR /Library/Application Support/Titanium/mobilesdk/osx/1.8.2/android/titanium.jar => org/appcelerator/titanium/res/drawable/background.png
[DEBUG] from JAR /Library/Application Support/Titanium/mobilesdk/osx/1.8.2/android/titanium.jar => org/appcelerator/titanium/res/drawable/btn_check_buttonless_on.png
[DEBUG] from JAR /Library/Application Support/Titanium/mobilesdk/osx/1.8.2/android/titanium.jar => org/appcelerator/titanium/res/drawable/btn_check_buttonless_on_18.png
[DEBUG] from JAR /Library/Application Support/Titanium/mobilesdk/osx/1.8.2/android/titanium.jar => org/appcelerator/titanium/res/drawable/btn_check_buttonless_on_48.png
[DEBUG] from JAR /Library/Application Support/Titanium/mobilesdk/osx/1.8.2/android/titanium.jar => org/appcelerator/titanium/res/drawable/btn_more.png
[DEBUG] from JAR /Library/Application Support/Titanium/mobilesdk/osx/1.8.2/android/titanium.jar => org/appcelerator/titanium/res/drawable/btn_more_18.png
[DEBUG] from JAR /Library/Application Support/Titanium/mobilesdk/osx/1.8.2/android/titanium.jar => org/appcelerator/titanium/res/drawable/btn_more_48.png
[DEBUG] from JAR /Library/Application Support/Titanium/mobilesdk/osx/1.8.2/android/titanium.jar => org/appcelerator/titanium/res/drawable/btn_picker_normal.9.png
[DEBUG] from JAR /Library/Application Support/Titanium/mobilesdk/osx/1.8.2/android/titanium.jar => org/appcelerator/titanium/res/drawable/btn_picker_pressed.9.png
[DEBUG] from JAR /Library/Application Support/Titanium/mobilesdk/osx/1.8.2/android/titanium.jar => org/appcelerator/titanium/res/drawable/btn_picker_selected.9.png
[DEBUG] from JAR /Library/Application Support/Titanium/mobilesdk/osx/1.8.2/android/titanium.jar => org/appcelerator/titanium/res/drawable/default_icon.png
[DEBUG] from JAR /Library/Application Support/Titanium/mobilesdk/osx/1.8.2/android/titanium.jar => org/appcelerator/titanium/res/drawable/photoDefault.png
[DEBUG] installing native lib: /Library/Application Support/Titanium/modules/android/com.acktie.mobile.android.qr/1.0/libs/armeabi/libcom.acktie.mobile.android.qr.so
[DEBUG] installing native lib: /Library/Application Support/Titanium/modules/android/com.acktie.mobile.android.qr/1.0/libs/armeabi/libiconv.so
[DEBUG] installing native lib: /Library/Application Support/Titanium/modules/android/com.acktie.mobile.android.qr/1.0/libs/armeabi/libzbarjni.so
[DEBUG] installing native lib: /Library/Application Support/Titanium/modules/android/com.acktie.mobile.android.qr/1.0/libs/armeabi-v7a/libcom.acktie.mobile.android.qr.so
[DEBUG] installing native lib: /Library/Application Support/Titanium/modules/android/com.acktie.mobile.android.qr/1.0/libs/armeabi-v7a/libiconv.so
[DEBUG] installing native lib: /Library/Application Support/Titanium/modules/android/com.acktie.mobile.android.qr/1.0/libs/armeabi-v7a/libzbarjni.so
[DEBUG] installing native SDK libs
[DEBUG] Waiting for device to be ready ...
[TRACE] adb devices returned 1 devices/emulators
[DEBUG] Device connected... (waited 0 seconds)
[DEBUG] waited 0.029777 seconds on emulator to get ready
[INFO] Installing application on emulator
[INFO] Launching application ... TabbedQRExample
[TRACE] Launch output: Starting: Intent { act=android.intent.action.MAIN cat=[android.intent.category.LAUNCHER] cmp=com.acktie.qr.example/.TabbedqrexampleActivity }

[INFO] Deployed TabbedQRExample ... Application should be running.
